[debug] [2025-05-31T17:17:33.881Z] ----------------------------------------------------------------------
[debug] [2025-05-31T17:17:33.884Z] Command:       C:\nvm4w\nodejs\node.exe C:\nvm4w\nodejs\node_modules\firebase-tools\lib\bin\firebase.js deploy --only functions --debug
[debug] [2025-05-31T17:17:33.885Z] CLI Version:   13.34.0
[debug] [2025-05-31T17:17:33.885Z] Platform:      win32
[debug] [2025-05-31T17:17:33.886Z] Node Version:  v18.20.7
[debug] [2025-05-31T17:17:33.887Z] Time:          Sat May 31 2025 20:17:33 GMT+0300 (Eastern European Summer Time)
[debug] [2025-05-31T17:17:33.888Z] ----------------------------------------------------------------------
[debug] 
[debug] [2025-05-31T17:17:34.419Z] > command requires scopes: ["email","openid","https://www.googleapis.com/auth/cloudplatformprojects.readonly","https://www.googleapis.com/auth/firebase","https://www.googleapis.com/auth/cloud-platform"]
[debug] [2025-05-31T17:17:34.423Z] > authorizing via signed-in user (jurcavilla@gmail.com)
[debug] [2025-05-31T17:17:34.424Z] [iam] checking project proiectcorect-b09a1 for permissions ["cloudfunctions.functions.create","cloudfunctions.functions.delete","cloudfunctions.functions.get","cloudfunctions.functions.list","cloudfunctions.functions.update","cloudfunctions.operations.get","firebase.projects.get"]
[debug] [2025-05-31T17:17:34.429Z] Checked if tokens are valid: true, expires at: 1748715173258
[debug] [2025-05-31T17:17:34.430Z] Checked if tokens are valid: true, expires at: 1748715173258
[debug] [2025-05-31T17:17:34.433Z] >>> [apiv2][query] POST https://cloudresourcemanager.googleapis.com/v1/projects/proiectcorect-b09a1:testIamPermissions [none]
[debug] [2025-05-31T17:17:34.434Z] >>> [apiv2][(partial)header] POST https://cloudresourcemanager.googleapis.com/v1/projects/proiectcorect-b09a1:testIamPermissions x-goog-quota-user=projects/proiectcorect-b09a1
[debug] [2025-05-31T17:17:34.435Z] >>> [apiv2][body] POST https://cloudresourcemanager.googleapis.com/v1/projects/proiectcorect-b09a1:testIamPermissions {"permissions":["cloudfunctions.functions.create","cloudfunctions.functions.delete","cloudfunctions.functions.get","cloudfunctions.functions.list","cloudfunctions.functions.update","cloudfunctions.operations.get","firebase.projects.get"]}
[debug] [2025-05-31T17:17:35.385Z] <<< [apiv2][status] POST https://cloudresourcemanager.googleapis.com/v1/projects/proiectcorect-b09a1:testIamPermissions 200
[debug] [2025-05-31T17:17:35.386Z] <<< [apiv2][body] POST https://cloudresourcemanager.googleapis.com/v1/projects/proiectcorect-b09a1:testIamPermissions {"permissions":["cloudfunctions.functions.create","cloudfunctions.functions.delete","cloudfunctions.functions.get","cloudfunctions.functions.list","cloudfunctions.functions.update","cloudfunctions.operations.get","firebase.projects.get"]}
[debug] [2025-05-31T17:17:35.389Z] Checked if tokens are valid: true, expires at: 1748715173258
[debug] [2025-05-31T17:17:35.389Z] Checked if tokens are valid: true, expires at: 1748715173258
[debug] [2025-05-31T17:17:35.390Z] >>> [apiv2][query] POST https://iam.googleapis.com/v1/projects/proiectcorect-b09a1/serviceAccounts/proiectcorect-b09a1@appspot.gserviceaccount.com:testIamPermissions [none]
[debug] [2025-05-31T17:17:35.391Z] >>> [apiv2][body] POST https://iam.googleapis.com/v1/projects/proiectcorect-b09a1/serviceAccounts/proiectcorect-b09a1@appspot.gserviceaccount.com:testIamPermissions {"permissions":["iam.serviceAccounts.actAs"]}
[debug] [2025-05-31T17:17:36.218Z] <<< [apiv2][status] POST https://iam.googleapis.com/v1/projects/proiectcorect-b09a1/serviceAccounts/proiectcorect-b09a1@appspot.gserviceaccount.com:testIamPermissions 200
[debug] [2025-05-31T17:17:36.219Z] <<< [apiv2][body] POST https://iam.googleapis.com/v1/projects/proiectcorect-b09a1/serviceAccounts/proiectcorect-b09a1@appspot.gserviceaccount.com:testIamPermissions {"permissions":["iam.serviceAccounts.actAs"]}
[info] 
[info] === Deploying to 'proiectcorect-b09a1'...
[info] 
[info] i  deploying functions 
[debug] [2025-05-31T17:17:36.232Z] Checked if tokens are valid: true, expires at: 1748715173258
[debug] [2025-05-31T17:17:36.233Z] Checked if tokens are valid: true, expires at: 1748715173258
[debug] [2025-05-31T17:17:36.235Z] >>> [apiv2][query] GET https://cloudresourcemanager.googleapis.com/v1/projects/proiectcorect-b09a1 [none]
[debug] [2025-05-31T17:17:37.067Z] <<< [apiv2][status] GET https://cloudresourcemanager.googleapis.com/v1/projects/proiectcorect-b09a1 200
[debug] [2025-05-31T17:17:37.068Z] <<< [apiv2][body] GET https://cloudresourcemanager.googleapis.com/v1/projects/proiectcorect-b09a1 {"projectNumber":"716738954978","projectId":"proiectcorect-b09a1","lifecycleState":"ACTIVE","name":"ProiectCorect","labels":{"firebase":"enabled","firebase-core":"disabled"},"createTime":"2024-12-30T19:42:59.003915Z"}
[info] i  functions: preparing codebase default for deployment 
[info] i  functions: ensuring required API cloudfunctions.googleapis.com is enabled... 
[debug] [2025-05-31T17:17:37.074Z] Checked if tokens are valid: true, expires at: 1748715173258
[debug] [2025-05-31T17:17:37.075Z] Checked if tokens are valid: true, expires at: 1748715173258
[debug] [2025-05-31T17:17:37.076Z] Checked if tokens are valid: true, expires at: 1748715173258
[debug] [2025-05-31T17:17:37.076Z] Checked if tokens are valid: true, expires at: 1748715173258
[info] i  functions: ensuring required API cloudbuild.googleapis.com is enabled... 
[debug] [2025-05-31T17:17:37.079Z] Checked if tokens are valid: true, expires at: 1748715173258
[debug] [2025-05-31T17:17:37.080Z] Checked if tokens are valid: true, expires at: 1748715173258
[info] i  artifactregistry: ensuring required API artifactregistry.googleapis.com is enabled... 
[debug] [2025-05-31T17:17:37.082Z] Checked if tokens are valid: true, expires at: 1748715173258
[debug] [2025-05-31T17:17:37.083Z] Checked if tokens are valid: true, expires at: 1748715173258
[debug] [2025-05-31T17:17:37.084Z] >>> [apiv2][query] GET https://serviceusage.googleapis.com/v1/projects/proiectcorect-b09a1/services/cloudfunctions.googleapis.com [none]
[debug] [2025-05-31T17:17:37.085Z] >>> [apiv2][(partial)header] GET https://serviceusage.googleapis.com/v1/projects/proiectcorect-b09a1/services/cloudfunctions.googleapis.com x-goog-quota-user=projects/proiectcorect-b09a1
[debug] [2025-05-31T17:17:37.090Z] >>> [apiv2][query] GET https://serviceusage.googleapis.com/v1/projects/proiectcorect-b09a1/services/runtimeconfig.googleapis.com [none]
[debug] [2025-05-31T17:17:37.091Z] >>> [apiv2][(partial)header] GET https://serviceusage.googleapis.com/v1/projects/proiectcorect-b09a1/services/runtimeconfig.googleapis.com x-goog-quota-user=projects/proiectcorect-b09a1
[debug] [2025-05-31T17:17:37.097Z] >>> [apiv2][query] GET https://serviceusage.googleapis.com/v1/projects/proiectcorect-b09a1/services/cloudbuild.googleapis.com [none]
[debug] [2025-05-31T17:17:37.098Z] >>> [apiv2][(partial)header] GET https://serviceusage.googleapis.com/v1/projects/proiectcorect-b09a1/services/cloudbuild.googleapis.com x-goog-quota-user=projects/proiectcorect-b09a1
[debug] [2025-05-31T17:17:37.103Z] >>> [apiv2][query] GET https://serviceusage.googleapis.com/v1/projects/proiectcorect-b09a1/services/artifactregistry.googleapis.com [none]
[debug] [2025-05-31T17:17:37.104Z] >>> [apiv2][(partial)header] GET https://serviceusage.googleapis.com/v1/projects/proiectcorect-b09a1/services/artifactregistry.googleapis.com x-goog-quota-user=projects/proiectcorect-b09a1
[debug] [2025-05-31T17:17:38.082Z] <<< [apiv2][status] GET https://serviceusage.googleapis.com/v1/projects/proiectcorect-b09a1/services/runtimeconfig.googleapis.com 200
[debug] [2025-05-31T17:17:38.083Z] <<< [apiv2][body] GET https://serviceusage.googleapis.com/v1/projects/proiectcorect-b09a1/services/runtimeconfig.googleapis.com [omitted]
[debug] [2025-05-31T17:17:38.143Z] <<< [apiv2][status] GET https://serviceusage.googleapis.com/v1/projects/proiectcorect-b09a1/services/artifactregistry.googleapis.com 200
[debug] [2025-05-31T17:17:38.144Z] <<< [apiv2][body] GET https://serviceusage.googleapis.com/v1/projects/proiectcorect-b09a1/services/artifactregistry.googleapis.com [omitted]
[info] +  artifactregistry: required API artifactregistry.googleapis.com is enabled 
[debug] [2025-05-31T17:17:38.149Z] <<< [apiv2][status] GET https://serviceusage.googleapis.com/v1/projects/proiectcorect-b09a1/services/cloudbuild.googleapis.com 200
[debug] [2025-05-31T17:17:38.150Z] <<< [apiv2][body] GET https://serviceusage.googleapis.com/v1/projects/proiectcorect-b09a1/services/cloudbuild.googleapis.com [omitted]
[info] +  functions: required API cloudbuild.googleapis.com is enabled 
[debug] [2025-05-31T17:17:38.155Z] <<< [apiv2][status] GET https://serviceusage.googleapis.com/v1/projects/proiectcorect-b09a1/services/cloudfunctions.googleapis.com 200
[debug] [2025-05-31T17:17:38.156Z] <<< [apiv2][body] GET https://serviceusage.googleapis.com/v1/projects/proiectcorect-b09a1/services/cloudfunctions.googleapis.com [omitted]
[info] +  functions: required API cloudfunctions.googleapis.com is enabled 
[debug] [2025-05-31T17:17:38.158Z] Checked if tokens are valid: true, expires at: 1748715173258
[debug] [2025-05-31T17:17:38.159Z] Checked if tokens are valid: true, expires at: 1748715173258
[debug] [2025-05-31T17:17:38.160Z] >>> [apiv2][query] GET https://firebase.googleapis.com/v1beta1/projects/proiectcorect-b09a1/adminSdkConfig [none]
[debug] [2025-05-31T17:17:38.635Z] <<< [apiv2][status] GET https://firebase.googleapis.com/v1beta1/projects/proiectcorect-b09a1/adminSdkConfig 200
[debug] [2025-05-31T17:17:38.636Z] <<< [apiv2][body] GET https://firebase.googleapis.com/v1beta1/projects/proiectcorect-b09a1/adminSdkConfig {"projectId":"proiectcorect-b09a1","storageBucket":"proiectcorect-b09a1.firebasestorage.app"}
[debug] [2025-05-31T17:17:38.638Z] Checked if tokens are valid: true, expires at: 1748715173258
[debug] [2025-05-31T17:17:38.639Z] Checked if tokens are valid: true, expires at: 1748715173258
[debug] [2025-05-31T17:17:38.640Z] >>> [apiv2][query] GET https://runtimeconfig.googleapis.com/v1beta1/projects/proiectcorect-b09a1/configs [none]
[debug] [2025-05-31T17:17:38.927Z] <<< [apiv2][status] GET https://runtimeconfig.googleapis.com/v1beta1/projects/proiectcorect-b09a1/configs 200
[debug] [2025-05-31T17:17:38.929Z] <<< [apiv2][body] GET https://runtimeconfig.googleapis.com/v1beta1/projects/proiectcorect-b09a1/configs {}
[debug] [2025-05-31T17:17:38.934Z] Customer code is not Node
[debug] [2025-05-31T17:17:38.936Z] Validating python source
[debug] [2025-05-31T17:17:38.937Z] Building python source
[info] i  functions: Loading and analyzing source code for codebase default to determine what to deploy 
[debug] [2025-05-31T17:17:38.942Z] Could not find functions.yaml. Must use http discovery
[debug] [2025-05-31T17:17:38.999Z] Running command with virtualenv: command="D:\College\ImplementareNoua\functions\venv\Scripts\activate.bat", args=["","&&","python.exe","-c","\"import firebase_functions; import os; print(os.path.dirname(firebase_functions.__file__))\""]
[debug] [2025-05-31T17:17:39.573Z] stdout: D:\College\An4\Licenta\Dummy\functions\venv\lib\site-packages\firebase_functions

[debug] [2025-05-31T17:17:39.607Z] Running admin server with args: ["python.exe","\"D:\\College\\An4\\Licenta\\Dummy\\functions\\venv\\lib\\site-packages\\firebase_functions\\private\\serving.py\""] and env: {"FIREBASE_CONFIG":"{\"projectId\":\"proiectcorect-b09a1\",\"storageBucket\":\"proiectcorect-b09a1.firebasestorage.app\"}","GCLOUD_PROJECT":"proiectcorect-b09a1","GOOGLE_CLOUD_QUOTA_PROJECT":"proiectcorect-b09a1","ADMIN_PORT":"8081"} in D:\College\ImplementareNoua\functions
[debug] [2025-05-31T17:17:39.608Z] Running command with virtualenv: command="D:\College\ImplementareNoua\functions\venv\Scripts\activate.bat", args=["","&&","python.exe","\"D:\\College\\An4\\Licenta\\Dummy\\functions\\venv\\lib\\site-packages\\firebase_functions\\private\\serving.py\""]
[info]  * Serving Flask app 'serving'
 * Debug mode: off

[error] WARNING: This is a development server. Do not use it in a production deployment. Use a production WSGI server instead.
 * Running on http://127.0.0.1:8081

[error] Press CTRL+C to quit

[error] 2025-05-31 20:17:42.838414: I tensorflow/core/util/port.cc:153] oneDNN custom operations are on. You may see slightly different numerical results due to floating-point round-off errors from different computation orders. To turn them off, set the environment variable `TF_ENABLE_ONEDNN_OPTS=0`.

[error] 127.0.0.1 - - [31/May/2025 20:17:49] "GET /__/quitquitquit HTTP/1.1" 200 -

[error] 
[error] Error: User code failed to load. Cannot determine backend specification
